2017/06/28 10:15:25 [error] [exception.CHttpException.403] CHttpException: You are not authorized to perform this action. in /home/gab/workspace/yii/1.1/framework/web/auth/CAccessControlFilter.php:183
Stack trace:
#0 /home/gab/workspace/yii/1.1/framework/web/auth/CAccessControlFilter.php(145): CAccessControlFilter->accessDenied(Object(CWebUser), 'You are not aut...')
#1 /home/gab/workspace/yii/1.1/framework/web/filters/CFilter.php(38): CAccessControlFilter->preFilter(Object(CFilterChain))
#2 /home/gab/workspace/yii/1.1/framework/web/CController.php(1148): CFilter->filter(Object(CFilterChain))
#3 /home/gab/workspace/yii/1.1/framework/web/filters/CInlineFilter.php(58): CController->filterAccessControl(Object(CFilterChain))
#4 /home/gab/workspace/yii/1.1/framework/web/filters/CFilterChain.php(131): CInlineFilter->filter(Object(CFilterChain))
#5 /home/gab/workspace/yii/1.1/framework/web/CController.php(291): CFilterChain->run()
#6 /home/gab/workspace/yii/1.1/framework/web/CController.php(265): CController->runActionWithFilters(Object(CInlineAction), Array)
#7 /home/gab/workspace/yii/1.1/framework/web/CWebApplication.php(282): CController->run('admin')
#8 /home/gab/workspace/yii/1.1/framework/web/CWebApplication.php(141): CWebApplication->runController('post/admin')
#9 /home/gab/workspace/yii/1.1/framework/base/CApplication.php(185): CWebApplication->processRequest()
#10 /home/gab/workspace/yii/blog/index.php(13): CApplication->run()
#11 {main}
REQUEST_URI=/yii-blog/index.php?r=post/admin
HTTP_REFERER=http://127.0.0.1/yii-blog/index.php?r=post
---
2017/06/28 10:16:07 [error] [system.db.CDbCommand] CDbCommand::execute() failed: SQLSTATE[HY000]: General error: 8 attempt to write a readonly database. The SQL statement executed was: INSERT INTO 'tbl_post' ("title", "content", "tags", "status", "create_time", "update_time", "author_id") VALUES (:yp0, :yp1, :yp2, :yp3, :yp4, :yp5, :yp6).
in /home/gab/workspace/yii/blog/protected/controllers/PostController.php (73)
in /home/gab/workspace/yii/blog/index.php (13)
2017/06/28 10:16:07 [error] [exception.CDbException] CDbException: CDbCommand failed to execute the SQL statement: SQLSTATE[HY000]: General error: 8 attempt to write a readonly database. The SQL statement executed was: INSERT INTO 'tbl_post' ("title", "content", "tags", "status", "create_time", "update_time", "author_id") VALUES (:yp0, :yp1, :yp2, :yp3, :yp4, :yp5, :yp6) in /home/gab/workspace/yii/1.1/framework/db/CDbCommand.php:358
Stack trace:
#0 /home/gab/workspace/yii/1.1/framework/db/ar/CActiveRecord.php(1083): CDbCommand->execute()
#1 /home/gab/workspace/yii/1.1/framework/db/ar/CActiveRecord.php(811): CActiveRecord->insert(NULL)
#2 /home/gab/workspace/yii/blog/protected/controllers/PostController.php(73): CActiveRecord->save()
#3 /home/gab/workspace/yii/1.1/framework/web/actions/CInlineAction.php(49): PostController->actionCreate()
#4 /home/gab/workspace/yii/1.1/framework/web/CController.php(308): CInlineAction->runWithParams(Array)
#5 /home/gab/workspace/yii/1.1/framework/web/filters/CFilterChain.php(134): CController->runAction(Object(CInlineAction))
#6 /home/gab/workspace/yii/1.1/framework/web/filters/CFilter.php(40): CFilterChain->run()
#7 /home/gab/workspace/yii/1.1/framework/web/CController.php(1148): CFilter->filter(Object(CFilterChain))
#8 /home/gab/workspace/yii/1.1/framework/web/filters/CInlineFilter.php(58): CController->filterAccessControl(Object(CFilterChain))
#9 /home/gab/workspace/yii/1.1/framework/web/filters/CFilterChain.php(131): CInlineFilter->filter(Object(CFilterChain))
#10 /home/gab/workspace/yii/1.1/framework/web/CController.php(291): CFilterChain->run()
#11 /home/gab/workspace/yii/1.1/framework/web/CController.php(265): CController->runActionWithFilters(Object(CInlineAction), Array)
#12 /home/gab/workspace/yii/1.1/framework/web/CWebApplication.php(282): CController->run('create')
#13 /home/gab/workspace/yii/1.1/framework/web/CWebApplication.php(141): CWebApplication->runController('post/create')
#14 /home/gab/workspace/yii/1.1/framework/base/CApplication.php(185): CWebApplication->processRequest()
#15 /home/gab/workspace/yii/blog/index.php(13): CApplication->run()
#16 {main}
REQUEST_URI=/yii-blog/index.php?r=post/create
HTTP_REFERER=http://127.0.0.1/yii-blog/index.php?r=post/create
---
2017/06/28 10:33:21 [error] [exception.CHttpException.403] CHttpException: You are not authorized to perform this action. in /home/gab/workspace/yii/1.1/framework/web/auth/CAccessControlFilter.php:183
Stack trace:
#0 /home/gab/workspace/yii/1.1/framework/web/auth/CAccessControlFilter.php(145): CAccessControlFilter->accessDenied(Object(CWebUser), 'You are not aut...')
#1 /home/gab/workspace/yii/1.1/framework/web/filters/CFilter.php(38): CAccessControlFilter->preFilter(Object(CFilterChain))
#2 /home/gab/workspace/yii/1.1/framework/web/CController.php(1148): CFilter->filter(Object(CFilterChain))
#3 /home/gab/workspace/yii/1.1/framework/web/filters/CInlineFilter.php(58): CController->filterAccessControl(Object(CFilterChain))
#4 /home/gab/workspace/yii/1.1/framework/web/filters/CFilterChain.php(131): CInlineFilter->filter(Object(CFilterChain))
#5 /home/gab/workspace/yii/1.1/framework/web/CController.php(291): CFilterChain->run()
#6 /home/gab/workspace/yii/1.1/framework/web/CController.php(265): CController->runActionWithFilters(Object(CInlineAction), Array)
#7 /home/gab/workspace/yii/1.1/framework/web/CWebApplication.php(282): CController->run('admin')
#8 /home/gab/workspace/yii/1.1/framework/web/CWebApplication.php(141): CWebApplication->runController('post/admin')
#9 /home/gab/workspace/yii/1.1/framework/base/CApplication.php(185): CWebApplication->processRequest()
#10 /home/gab/workspace/yii/blog/index.php(13): CApplication->run()
#11 {main}
REQUEST_URI=/yii-blog/index.php?r=post/admin
HTTP_REFERER=http://127.0.0.1/yii-blog/index.php?r=post/create
---
2017/06/30 09:20:16 [error] [system.db.CDbCommand] CDbCommand::execute() failed: SQLSTATE[HY000]: General error: 8 attempt to write a readonly database. The SQL statement executed was: INSERT INTO 'tbl_post' ("title", "content", "tags", "status", "create_time", "update_time", "author_id") VALUES (:yp0, :yp1, :yp2, :yp3, :yp4, :yp5, :yp6).
in /home/gab/workspace/yii/blog/protected/controllers/PostController.php (73)
in /home/gab/workspace/yii/blog/index.php (13)
2017/06/30 09:20:16 [error] [exception.CDbException] CDbException: CDbCommand failed to execute the SQL statement: SQLSTATE[HY000]: General error: 8 attempt to write a readonly database. The SQL statement executed was: INSERT INTO 'tbl_post' ("title", "content", "tags", "status", "create_time", "update_time", "author_id") VALUES (:yp0, :yp1, :yp2, :yp3, :yp4, :yp5, :yp6) in /home/gab/workspace/yii/1.1/framework/db/CDbCommand.php:358
Stack trace:
#0 /home/gab/workspace/yii/1.1/framework/db/ar/CActiveRecord.php(1083): CDbCommand->execute()
#1 /home/gab/workspace/yii/1.1/framework/db/ar/CActiveRecord.php(811): CActiveRecord->insert(NULL)
#2 /home/gab/workspace/yii/blog/protected/controllers/PostController.php(73): CActiveRecord->save()
#3 /home/gab/workspace/yii/1.1/framework/web/actions/CInlineAction.php(49): PostController->actionCreate()
#4 /home/gab/workspace/yii/1.1/framework/web/CController.php(308): CInlineAction->runWithParams(Array)
#5 /home/gab/workspace/yii/1.1/framework/web/filters/CFilterChain.php(134): CController->runAction(Object(CInlineAction))
#6 /home/gab/workspace/yii/1.1/framework/web/filters/CFilter.php(40): CFilterChain->run()
#7 /home/gab/workspace/yii/1.1/framework/web/CController.php(1148): CFilter->filter(Object(CFilterChain))
#8 /home/gab/workspace/yii/1.1/framework/web/filters/CInlineFilter.php(58): CController->filterAccessControl(Object(CFilterChain))
#9 /home/gab/workspace/yii/1.1/framework/web/filters/CFilterChain.php(131): CInlineFilter->filter(Object(CFilterChain))
#10 /home/gab/workspace/yii/1.1/framework/web/CController.php(291): CFilterChain->run()
#11 /home/gab/workspace/yii/1.1/framework/web/CController.php(265): CController->runActionWithFilters(Object(CInlineAction), Array)
#12 /home/gab/workspace/yii/1.1/framework/web/CWebApplication.php(282): CController->run('create')
#13 /home/gab/workspace/yii/1.1/framework/web/CWebApplication.php(141): CWebApplication->runController('post/create')
#14 /home/gab/workspace/yii/1.1/framework/base/CApplication.php(185): CWebApplication->processRequest()
#15 /home/gab/workspace/yii/blog/index.php(13): CApplication->run()
#16 {main}
REQUEST_URI=/yii-blog/index.php?r=post/create
HTTP_REFERER=http://127.0.0.1/yii-blog/index.php?r=post/create
---
2017/06/30 09:20:34 [error] [exception.CHttpException.403] CHttpException: You are not authorized to perform this action. in /home/gab/workspace/yii/1.1/framework/web/auth/CAccessControlFilter.php:183
Stack trace:
#0 /home/gab/workspace/yii/1.1/framework/web/auth/CAccessControlFilter.php(145): CAccessControlFilter->accessDenied(Object(CWebUser), 'You are not aut...')
#1 /home/gab/workspace/yii/1.1/framework/web/filters/CFilter.php(38): CAccessControlFilter->preFilter(Object(CFilterChain))
#2 /home/gab/workspace/yii/1.1/framework/web/CController.php(1148): CFilter->filter(Object(CFilterChain))
#3 /home/gab/workspace/yii/1.1/framework/web/filters/CInlineFilter.php(58): CController->filterAccessControl(Object(CFilterChain))
#4 /home/gab/workspace/yii/1.1/framework/web/filters/CFilterChain.php(131): CInlineFilter->filter(Object(CFilterChain))
#5 /home/gab/workspace/yii/1.1/framework/web/CController.php(291): CFilterChain->run()
#6 /home/gab/workspace/yii/1.1/framework/web/CController.php(265): CController->runActionWithFilters(Object(CInlineAction), Array)
#7 /home/gab/workspace/yii/1.1/framework/web/CWebApplication.php(282): CController->run('admin')
#8 /home/gab/workspace/yii/1.1/framework/web/CWebApplication.php(141): CWebApplication->runController('post/admin')
#9 /home/gab/workspace/yii/1.1/framework/base/CApplication.php(185): CWebApplication->processRequest()
#10 /home/gab/workspace/yii/blog/index.php(13): CApplication->run()
#11 {main}
REQUEST_URI=/yii-blog/index.php?r=post/admin
HTTP_REFERER=http://127.0.0.1/yii-blog/index.php?r=post
---
2017/06/30 09:34:14 [warning] [application] Failed to set unsafe attribute "create_time" of "Post".
in /home/gab/workspace/yii/blog/protected/controllers/PostController.php (72)
in /home/gab/workspace/yii/blog/index.php (13)
2017/06/30 09:34:14 [warning] [application] Failed to set unsafe attribute "update_time" of "Post".
in /home/gab/workspace/yii/blog/protected/controllers/PostController.php (72)
in /home/gab/workspace/yii/blog/index.php (13)
2017/06/30 09:34:14 [warning] [application] Failed to set unsafe attribute "author_id" of "Post".
in /home/gab/workspace/yii/blog/protected/controllers/PostController.php (72)
in /home/gab/workspace/yii/blog/index.php (13)
2017/06/30 09:34:14 [error] [exception.Error] Error: Call to undefined method Tag::array2string() in /home/gab/workspace/yii/blog/protected/models/Post.php:123
Stack trace:
#0 /home/gab/workspace/yii/1.1/framework/validators/CInlineValidator.php(42): Post->normalizeTags('tags', Array)
#1 /home/gab/workspace/yii/1.1/framework/validators/CValidator.php(201): CInlineValidator->validateAttribute(Object(Post), 'tags')
#2 /home/gab/workspace/yii/1.1/framework/base/CModel.php(159): CValidator->validate(Object(Post), Array)
#3 /home/gab/workspace/yii/1.1/framework/db/ar/CActiveRecord.php(810): CModel->validate(NULL)
#4 /home/gab/workspace/yii/blog/protected/controllers/PostController.php(73): CActiveRecord->save()
#5 /home/gab/workspace/yii/1.1/framework/web/actions/CInlineAction.php(49): PostController->actionCreate()
#6 /home/gab/workspace/yii/1.1/framework/web/CController.php(308): CInlineAction->runWithParams(Array)
#7 /home/gab/workspace/yii/1.1/framework/web/filters/CFilterChain.php(134): CController->runAction(Object(CInlineAction))
#8 /home/gab/workspace/yii/1.1/framework/web/filters/CFilter.php(40): CFilterChain->run()
#9 /home/gab/workspace/yii/1.1/framework/web/CController.php(1148): CFilter->filter(Object(CFilterChain))
#10 /home/gab/workspace/yii/1.1/framework/web/filters/CInlineFilter.php(58): CController->filterAccessControl(Object(CFilterChain))
#11 /home/gab/workspace/yii/1.1/framework/web/filters/CFilterChain.php(131): CInlineFilter->filter(Object(CFilterChain))
#12 /home/gab/workspace/yii/1.1/framework/web/CController.php(291): CFilterChain->run()
#13 /home/gab/workspace/yii/1.1/framework/web/CController.php(265): CController->runActionWithFilters(Object(CInlineAction), Array)
#14 /home/gab/workspace/yii/1.1/framework/web/CWebApplication.php(282): CController->run('create')
#15 /home/gab/workspace/yii/1.1/framework/web/CWebApplication.php(141): CWebApplication->runController('post/create')
#16 /home/gab/workspace/yii/1.1/framework/base/CApplication.php(185): CWebApplication->processRequest()
#17 /home/gab/workspace/yii/blog/index.php(13): CApplication->run()
#18 {main}
REQUEST_URI=/yii-blog/index.php?r=post/create
HTTP_REFERER=http://127.0.0.1/yii-blog/index.php?r=post/create
---
2017/06/30 09:34:52 [warning] [application] Failed to set unsafe attribute "create_time" of "Post".
in /home/gab/workspace/yii/blog/protected/controllers/PostController.php (72)
in /home/gab/workspace/yii/blog/index.php (13)
2017/06/30 09:34:52 [warning] [application] Failed to set unsafe attribute "update_time" of "Post".
in /home/gab/workspace/yii/blog/protected/controllers/PostController.php (72)
in /home/gab/workspace/yii/blog/index.php (13)
2017/06/30 09:34:52 [warning] [application] Failed to set unsafe attribute "author_id" of "Post".
in /home/gab/workspace/yii/blog/protected/controllers/PostController.php (72)
in /home/gab/workspace/yii/blog/index.php (13)
2017/06/30 09:35:03 [warning] [application] Failed to set unsafe attribute "create_time" of "Post".
in /home/gab/workspace/yii/blog/protected/controllers/PostController.php (72)
in /home/gab/workspace/yii/blog/index.php (13)
2017/06/30 09:35:03 [warning] [application] Failed to set unsafe attribute "update_time" of "Post".
in /home/gab/workspace/yii/blog/protected/controllers/PostController.php (72)
in /home/gab/workspace/yii/blog/index.php (13)
2017/06/30 09:35:03 [warning] [application] Failed to set unsafe attribute "author_id" of "Post".
in /home/gab/workspace/yii/blog/protected/controllers/PostController.php (72)
in /home/gab/workspace/yii/blog/index.php (13)
2017/06/30 09:35:03 [error] [system.db.CDbCommand] CDbCommand::execute() failed: SQLSTATE[HY000]: General error: 8 attempt to write a readonly database. The SQL statement executed was: INSERT INTO 'tbl_post' ("title", "content", "tags", "status") VALUES (:yp0, :yp1, :yp2, :yp3).
in /home/gab/workspace/yii/blog/protected/controllers/PostController.php (73)
in /home/gab/workspace/yii/blog/index.php (13)
2017/06/30 09:35:03 [error] [exception.CDbException] CDbException: CDbCommand failed to execute the SQL statement: SQLSTATE[HY000]: General error: 8 attempt to write a readonly database. The SQL statement executed was: INSERT INTO 'tbl_post' ("title", "content", "tags", "status") VALUES (:yp0, :yp1, :yp2, :yp3) in /home/gab/workspace/yii/1.1/framework/db/CDbCommand.php:358
Stack trace:
#0 /home/gab/workspace/yii/1.1/framework/db/ar/CActiveRecord.php(1083): CDbCommand->execute()
#1 /home/gab/workspace/yii/1.1/framework/db/ar/CActiveRecord.php(811): CActiveRecord->insert(NULL)
#2 /home/gab/workspace/yii/blog/protected/controllers/PostController.php(73): CActiveRecord->save()
#3 /home/gab/workspace/yii/1.1/framework/web/actions/CInlineAction.php(49): PostController->actionCreate()
#4 /home/gab/workspace/yii/1.1/framework/web/CController.php(308): CInlineAction->runWithParams(Array)
#5 /home/gab/workspace/yii/1.1/framework/web/filters/CFilterChain.php(134): CController->runAction(Object(CInlineAction))
#6 /home/gab/workspace/yii/1.1/framework/web/filters/CFilter.php(40): CFilterChain->run()
#7 /home/gab/workspace/yii/1.1/framework/web/CController.php(1148): CFilter->filter(Object(CFilterChain))
#8 /home/gab/workspace/yii/1.1/framework/web/filters/CInlineFilter.php(58): CController->filterAccessControl(Object(CFilterChain))
#9 /home/gab/workspace/yii/1.1/framework/web/filters/CFilterChain.php(131): CInlineFilter->filter(Object(CFilterChain))
#10 /home/gab/workspace/yii/1.1/framework/web/CController.php(291): CFilterChain->run()
#11 /home/gab/workspace/yii/1.1/framework/web/CController.php(265): CController->runActionWithFilters(Object(CInlineAction), Array)
#12 /home/gab/workspace/yii/1.1/framework/web/CWebApplication.php(282): CController->run('create')
#13 /home/gab/workspace/yii/1.1/framework/web/CWebApplication.php(141): CWebApplication->runController('post/create')
#14 /home/gab/workspace/yii/1.1/framework/base/CApplication.php(185): CWebApplication->processRequest()
#15 /home/gab/workspace/yii/blog/index.php(13): CApplication->run()
#16 {main}
REQUEST_URI=/yii-blog/index.php?r=post/create
HTTP_REFERER=http://127.0.0.1/yii-blog/index.php?r=post/create
---
2017/06/30 09:49:02 [error] [exception.CException] CException: Property "Post.commentCounts" is not defined. in /home/gab/workspace/yii/1.1/framework/base/CComponent.php:130
Stack trace:
#0 /home/gab/workspace/yii/1.1/framework/db/ar/CActiveRecord.php(145): CComponent->__get('commentCounts')
#1 /home/gab/workspace/yii/blog/protected/views/post/_view.php(41): CActiveRecord->__get('commentCounts')
#2 /home/gab/workspace/yii/1.1/framework/web/CBaseController.php(130): require('/home/gab/works...')
#3 /home/gab/workspace/yii/1.1/framework/web/CBaseController.php(95): CBaseController->renderInternal('/home/gab/works...', Array, false)
#4 /home/gab/workspace/yii/1.1/framework/zii/widgets/CListView.php(291): CBaseController->renderFile('/home/gab/works...', Array)
#5 /home/gab/workspace/yii/1.1/framework/zii/widgets/CBaseListView.php(181): CListView->renderItems()
#6 [internal function]: CBaseListView->renderSection(Array)
#7 /home/gab/workspace/yii/1.1/framework/zii/widgets/CBaseListView.php(164): preg_replace_callback('/{(\\w+)}/', Array, '{summary}\n{sort...')
#8 /home/gab/workspace/yii/1.1/framework/zii/widgets/CBaseListView.php(149): CBaseListView->renderContent()
#9 /home/gab/workspace/yii/1.1/framework/web/CBaseController.php(182): CBaseListView->run()
#10 /home/gab/workspace/yii/blog/protected/views/post/index.php(19): CBaseController->widget('zii.widgets.CLi...', Array)
#11 /home/gab/workspace/yii/1.1/framework/web/CBaseController.php(126): require('/home/gab/works...')
#12 /home/gab/workspace/yii/1.1/framework/web/CBaseController.php(95): CBaseController->renderInternal('/home/gab/works...', Array, true)
#13 /home/gab/workspace/yii/1.1/framework/web/CController.php(872): CBaseController->renderFile('/home/gab/works...', Array, true)
#14 /home/gab/workspace/yii/1.1/framework/web/CController.php(785): CController->renderPartial('index', Array, true)
#15 /home/gab/workspace/yii/blog/protected/controllers/PostController.php(127): CController->render('index', Array)
#16 /home/gab/workspace/yii/1.1/framework/web/actions/CInlineAction.php(49): PostController->actionIndex()
#17 /home/gab/workspace/yii/1.1/framework/web/CController.php(308): CInlineAction->runWithParams(Array)
#18 /home/gab/workspace/yii/1.1/framework/web/filters/CFilterChain.php(134): CController->runAction(Object(CInlineAction))
#19 /home/gab/workspace/yii/1.1/framework/web/filters/CFilter.php(40): CFilterChain->run()
#20 /home/gab/workspace/yii/1.1/framework/web/CController.php(1148): CFilter->filter(Object(CFilterChain))
#21 /home/gab/workspace/yii/1.1/framework/web/filters/CInlineFilter.php(58): CController->filterAccessControl(Object(CFilterChain))
#22 /home/gab/workspace/yii/1.1/framework/web/filters/CFilterChain.php(131): CInlineFilter->filter(Object(CFilterChain))
#23 /home/gab/workspace/yii/1.1/framework/web/CController.php(291): CFilterChain->run()
#24 /home/gab/workspace/yii/1.1/framework/web/CController.php(265): CController->runActionWithFilters(Object(CInlineAction), Array)
#25 /home/gab/workspace/yii/1.1/framework/web/CWebApplication.php(282): CController->run('')
#26 /home/gab/workspace/yii/1.1/framework/web/CWebApplication.php(141): CWebApplication->runController('post')
#27 /home/gab/workspace/yii/1.1/framework/base/CApplication.php(185): CWebApplication->processRequest()
#28 /home/gab/workspace/yii/blog/index.php(13): CApplication->run()
#29 {main}
REQUEST_URI=/yii-blog/index.php?r=post
---
2017/06/30 09:49:12 [error] [exception.CHttpException.403] CHttpException: You are not authorized to perform this action. in /home/gab/workspace/yii/1.1/framework/web/auth/CAccessControlFilter.php:183
Stack trace:
#0 /home/gab/workspace/yii/1.1/framework/web/auth/CAccessControlFilter.php(145): CAccessControlFilter->accessDenied(Object(CWebUser), 'You are not aut...')
#1 /home/gab/workspace/yii/1.1/framework/web/filters/CFilter.php(38): CAccessControlFilter->preFilter(Object(CFilterChain))
#2 /home/gab/workspace/yii/1.1/framework/web/CController.php(1148): CFilter->filter(Object(CFilterChain))
#3 /home/gab/workspace/yii/1.1/framework/web/filters/CInlineFilter.php(58): CController->filterAccessControl(Object(CFilterChain))
#4 /home/gab/workspace/yii/1.1/framework/web/filters/CFilterChain.php(131): CInlineFilter->filter(Object(CFilterChain))
#5 /home/gab/workspace/yii/1.1/framework/web/CController.php(291): CFilterChain->run()
#6 /home/gab/workspace/yii/1.1/framework/web/CController.php(265): CController->runActionWithFilters(Object(CInlineAction), Array)
#7 /home/gab/workspace/yii/1.1/framework/web/CWebApplication.php(282): CController->run('admin')
#8 /home/gab/workspace/yii/1.1/framework/web/CWebApplication.php(141): CWebApplication->runController('post/admin')
#9 /home/gab/workspace/yii/1.1/framework/base/CApplication.php(185): CWebApplication->processRequest()
#10 /home/gab/workspace/yii/blog/index.php(13): CApplication->run()
#11 {main}
REQUEST_URI=/yii-blog/index.php?r=post/admin
HTTP_REFERER=http://127.0.0.1/yii-blog/index.php?r=post
---
2017/06/30 10:04:53 [error] [exception.CHttpException.404] CHttpException: Unable to resolve the request "lookup". in /home/gab/workspace/yii/1.1/framework/web/CWebApplication.php:286
Stack trace:
#0 /home/gab/workspace/yii/1.1/framework/web/CWebApplication.php(141): CWebApplication->runController('lookup')
#1 /home/gab/workspace/yii/1.1/framework/base/CApplication.php(185): CWebApplication->processRequest()
#2 /home/gab/workspace/yii/blog/index.php(13): CApplication->run()
#3 {main}
REQUEST_URI=/yii-blog/index.php?r=lookup
---
